"is_built_lib_drumaderian" "true"
"built_lib_drumaderian" "/Users/xvw/Programmation/OCaml/drumaderian/_build/lib/drumaderian.cma"
"built_lib_drumaderian" "/Users/xvw/Programmation/OCaml/drumaderian/_build/lib/drumaderian.cmxa"
"built_lib_drumaderian" "/Users/xvw/Programmation/OCaml/drumaderian/_build/lib/drumaderian.a"
"built_lib_drumaderian" "/Users/xvw/Programmation/OCaml/drumaderian/_build/lib/drumaderian.cmxs"
"built_lib_drumaderian" "/Users/xvw/Programmation/OCaml/drumaderian/_build/lib/drumGame.cmi"
"built_lib_drumaderian" "/Users/xvw/Programmation/OCaml/drumaderian/_build/lib/drumGame.cmt"
"built_lib_drumaderian" "/Users/xvw/Programmation/OCaml/drumaderian/_build/lib/drumGame.annot"
"built_lib_drumaderian" "/Users/xvw/Programmation/OCaml/drumaderian/_build/lib/drumKeyboard.cmi"
"built_lib_drumaderian" "/Users/xvw/Programmation/OCaml/drumaderian/_build/lib/drumKeyboard.cmt"
"built_lib_drumaderian" "/Users/xvw/Programmation/OCaml/drumaderian/_build/lib/drumKeyboard.annot"
"built_lib_drumaderian" "/Users/xvw/Programmation/OCaml/drumaderian/_build/lib/drumBitmap.cmi"
"built_lib_drumaderian" "/Users/xvw/Programmation/OCaml/drumaderian/_build/lib/drumBitmap.cmt"
"built_lib_drumaderian" "/Users/xvw/Programmation/OCaml/drumaderian/_build/lib/drumBitmap.annot"
"built_lib_drumaderian" "/Users/xvw/Programmation/OCaml/drumaderian/_build/lib/drumShape.cmi"
"built_lib_drumaderian" "/Users/xvw/Programmation/OCaml/drumaderian/_build/lib/drumShape.cmti"
"built_lib_drumaderian" "/Users/xvw/Programmation/OCaml/drumaderian/_build/lib/drumShape.cmt"
"built_lib_drumaderian" "/Users/xvw/Programmation/OCaml/drumaderian/_build/lib/drumShape.annot"
"built_lib_drumaderian" "/Users/xvw/Programmation/OCaml/drumaderian/_build/lib/drumColor.cmi"
"built_lib_drumaderian" "/Users/xvw/Programmation/OCaml/drumaderian/_build/lib/drumColor.cmti"
"built_lib_drumaderian" "/Users/xvw/Programmation/OCaml/drumaderian/_build/lib/drumColor.cmt"
"built_lib_drumaderian" "/Users/xvw/Programmation/OCaml/drumaderian/_build/lib/drumColor.annot"
"built_lib_drumaderian" "/Users/xvw/Programmation/OCaml/drumaderian/_build/lib/drumOption.cmi"
"built_lib_drumaderian" "/Users/xvw/Programmation/OCaml/drumaderian/_build/lib/drumOption.cmti"
"built_lib_drumaderian" "/Users/xvw/Programmation/OCaml/drumaderian/_build/lib/drumOption.cmt"
"built_lib_drumaderian" "/Users/xvw/Programmation/OCaml/drumaderian/_build/lib/drumOption.annot"
"built_lib_drumaderian" "/Users/xvw/Programmation/OCaml/drumaderian/_build/lib/drumMonad.cmi"
"built_lib_drumaderian" "/Users/xvw/Programmation/OCaml/drumaderian/_build/lib/drumMonad.cmti"
"built_lib_drumaderian" "/Users/xvw/Programmation/OCaml/drumaderian/_build/lib/drumMonad.cmt"
"built_lib_drumaderian" "/Users/xvw/Programmation/OCaml/drumaderian/_build/lib/drumMonad.annot"
"built_lib_drumaderian" "/Users/xvw/Programmation/OCaml/drumaderian/_build/lib/drumInterfaces.cmi"
"built_lib_drumaderian" "/Users/xvw/Programmation/OCaml/drumaderian/_build/lib/drumInterfaces.cmt"
"built_lib_drumaderian" "/Users/xvw/Programmation/OCaml/drumaderian/_build/lib/drumInterfaces.annot"
"built_lib_drumaderian" "/Users/xvw/Programmation/OCaml/drumaderian/_build/lib/drumPervasives.cmi"
"built_lib_drumaderian" "/Users/xvw/Programmation/OCaml/drumaderian/_build/lib/drumPervasives.cmti"
"built_lib_drumaderian" "/Users/xvw/Programmation/OCaml/drumaderian/_build/lib/drumPervasives.cmt"
"built_lib_drumaderian" "/Users/xvw/Programmation/OCaml/drumaderian/_build/lib/drumPervasives.annot"
"built_lib_drumaderian" "/Users/xvw/Programmation/OCaml/drumaderian/_build/lib/drumaderian.cmi"
"built_lib_drumaderian" "/Users/xvw/Programmation/OCaml/drumaderian/_build/lib/drumaderian.cmt"
"built_lib_drumaderian" "/Users/xvw/Programmation/OCaml/drumaderian/_build/lib/drumaderian.annot"
"built_lib_drumaderian" "/Users/xvw/Programmation/OCaml/drumaderian/_build/lib/drumGame.cmx"
"built_lib_drumaderian" "/Users/xvw/Programmation/OCaml/drumaderian/_build/lib/drumKeyboard.cmx"
"built_lib_drumaderian" "/Users/xvw/Programmation/OCaml/drumaderian/_build/lib/drumBitmap.cmx"
"built_lib_drumaderian" "/Users/xvw/Programmation/OCaml/drumaderian/_build/lib/drumShape.cmx"
"built_lib_drumaderian" "/Users/xvw/Programmation/OCaml/drumaderian/_build/lib/drumColor.cmx"
"built_lib_drumaderian" "/Users/xvw/Programmation/OCaml/drumaderian/_build/lib/drumOption.cmx"
"built_lib_drumaderian" "/Users/xvw/Programmation/OCaml/drumaderian/_build/lib/drumMonad.cmx"
"built_lib_drumaderian" "/Users/xvw/Programmation/OCaml/drumaderian/_build/lib/drumInterfaces.cmx"
"built_lib_drumaderian" "/Users/xvw/Programmation/OCaml/drumaderian/_build/lib/drumPervasives.cmx"
"built_lib_drumaderian" "/Users/xvw/Programmation/OCaml/drumaderian/_build/lib/drumaderian.cmx"
"built_lib_drumaderian" "/Users/xvw/Programmation/OCaml/drumaderian/_build/lib/drumSprite.cmi"
"built_lib_drumaderian" "/Users/xvw/Programmation/OCaml/drumaderian/_build/lib/drumSprite.cmt"
"built_lib_drumaderian" "/Users/xvw/Programmation/OCaml/drumaderian/_build/lib/drumSprite.annot"
"built_lib_drumaderian" "/Users/xvw/Programmation/OCaml/drumaderian/_build/lib/drumSprite.cmx"
"built_lib_drumaderian" "/Users/xvw/Programmation/OCaml/drumaderian/_build/lib/drumResource.cmi"
"built_lib_drumaderian" "/Users/xvw/Programmation/OCaml/drumaderian/_build/lib/drumResource.cmt"
"built_lib_drumaderian" "/Users/xvw/Programmation/OCaml/drumaderian/_build/lib/drumResource.annot"
"built_lib_drumaderian" "/Users/xvw/Programmation/OCaml/drumaderian/_build/lib/drumResource.cmx"
"built_lib_drumaderian" "/Users/xvw/Programmation/OCaml/drumaderian/_build/lib/drumCanvas.cmi"
"built_lib_drumaderian" "/Users/xvw/Programmation/OCaml/drumaderian/_build/lib/drumCanvas.cmt"
"built_lib_drumaderian" "/Users/xvw/Programmation/OCaml/drumaderian/_build/lib/drumCanvas.annot"
"built_lib_drumaderian" "/Users/xvw/Programmation/OCaml/drumaderian/_build/lib/drumMath.cmi"
"built_lib_drumaderian" "/Users/xvw/Programmation/OCaml/drumaderian/_build/lib/drumMath.cmt"
"built_lib_drumaderian" "/Users/xvw/Programmation/OCaml/drumaderian/_build/lib/drumMath.annot"
"built_lib_drumaderian" "/Users/xvw/Programmation/OCaml/drumaderian/_build/lib/drumList.cmi"
"built_lib_drumaderian" "/Users/xvw/Programmation/OCaml/drumaderian/_build/lib/drumList.cmt"
"built_lib_drumaderian" "/Users/xvw/Programmation/OCaml/drumaderian/_build/lib/drumList.annot"
"built_lib_drumaderian" "/Users/xvw/Programmation/OCaml/drumaderian/_build/lib/drumCanvas.cmx"
"built_lib_drumaderian" "/Users/xvw/Programmation/OCaml/drumaderian/_build/lib/drumMath.cmx"
"built_lib_drumaderian" "/Users/xvw/Programmation/OCaml/drumaderian/_build/lib/drumList.cmx"
